2023-07-20 17:08:08,769 INFO  Main  Начало скачек. Количество участников: 7
2023-07-20 17:49:07,989 DEBUG Horse  Создание Horse, имя [Буцефал], скорость [2.4}]
2023-07-20 17:49:07,993 DEBUG Horse  Создание Horse, имя [Туз Пик], скорость [2.5}]
2023-07-20 17:49:07,993 DEBUG Horse  Создание Horse, имя [Зефир], скорость [2.6}]
2023-07-20 17:49:07,993 DEBUG Horse  Создание Horse, имя [Пожар], скорость [2.7}]
2023-07-20 17:49:07,993 DEBUG Horse  Создание Horse, имя [Лобстер], скорость [2.8}]
2023-07-20 17:49:07,994 DEBUG Horse  Создание Horse, имя [Пегас], скорость [2.9}]
2023-07-20 17:49:07,994 DEBUG Horse  Создание Horse, имя [Вишня], скорость [3.0}]
2023-07-20 17:49:07,995 DEBUG Hippodrome  Создание Hippodrome, лошадей [7]
2023-07-20 17:49:07,995 INFO  Main  Начало скачек. Количество участников: 7
2023-07-20 17:49:28,509 INFO  Main  Окончание скачек. Победитель: Вишня
2023-07-20 17:57:15,704 DEBUG Horse  Создание Horse, имя [Буцефал], скорость [2.4]
2023-07-20 17:57:15,708 DEBUG Horse  Создание Horse, имя [Туз Пик], скорость [2.5]
2023-07-20 17:57:15,708 DEBUG Horse  Создание Horse, имя [Зефир], скорость [2.6]
2023-07-20 17:57:15,708 DEBUG Horse  Создание Horse, имя [Пожар], скорость [2.7]
2023-07-20 17:57:15,709 DEBUG Horse  Создание Horse, имя [Лобстер], скорость [2.8]
2023-07-20 17:57:15,709 DEBUG Horse  Создание Horse, имя [Пегас], скорость [2.9]
2023-07-20 17:57:15,709 DEBUG Horse  Создание Horse, имя [Вишня], скорость [3.0]
2023-07-20 17:57:15,710 DEBUG Hippodrome  Создание Hippodrome, лошадей [7]
2023-07-20 17:57:15,710 INFO  Main  Начало скачек. Количество участников: 7
2023-07-20 17:57:36,138 INFO  Main  Окончание скачек. Победитель: Пегас
2023-07-20 18:04:47,014 DEBUG Horse:  Создание Horse, имя [Буцефал], скорость [2.4]
2023-07-20 18:04:47,018 DEBUG Horse:  Создание Horse, имя [Туз Пик], скорость [2.5]
2023-07-20 18:04:47,018 DEBUG Horse:  Создание Horse, имя [Зефир], скорость [2.6]
2023-07-20 18:04:47,018 DEBUG Horse:  Создание Horse, имя [Пожар], скорость [2.7]
2023-07-20 18:04:47,018 DEBUG Horse:  Создание Horse, имя [Лобстер], скорость [2.8]
2023-07-20 18:04:47,018 DEBUG Horse:  Создание Horse, имя [Пегас], скорость [2.9]
2023-07-20 18:04:47,018 DEBUG Horse:  Создание Horse, имя [Вишня], скорость [3.0]
2023-07-20 18:04:47,019 DEBUG Hippodrome:  Создание Hippodrome, лошадей [7]
2023-07-20 18:04:47,020 INFO  Main:  Начало скачек. Количество участников: 7
2023-07-20 18:05:07,410 INFO  Main:  Окончание скачек. Победитель: Вишня
2023-07-20 18:07:07,015 DEBUG Horse     :  Создание Horse, имя [Буцефал], скорость [2.4]
2023-07-20 18:07:07,018 DEBUG Horse     :  Создание Horse, имя [Туз Пик], скорость [2.5]
2023-07-20 18:07:07,018 DEBUG Horse     :  Создание Horse, имя [Зефир], скорость [2.6]
2023-07-20 18:07:07,018 DEBUG Horse     :  Создание Horse, имя [Пожар], скорость [2.7]
2023-07-20 18:07:07,019 DEBUG Horse     :  Создание Horse, имя [Лобстер], скорость [2.8]
2023-07-20 18:07:07,019 DEBUG Horse     :  Создание Horse, имя [Пегас], скорость [2.9]
2023-07-20 18:07:07,019 DEBUG Horse     :  Создание Horse, имя [Вишня], скорость [3.0]
2023-07-20 18:07:07,020 DEBUG Hippodrome:  Создание Hippodrome, лошадей [7]
2023-07-20 18:07:07,020 INFO  Main      :  Начало скачек. Количество участников: 7
2023-07-20 18:07:27,464 INFO  Main      :  Окончание скачек. Победитель: Вишня
